<?xml version="1.0" encoding="UTF-8"?>
<testng-results ignored="0" total="2" passed="2" failed="0" skipped="0">
  <reporter-output>
  </reporter-output>
  <suite started-at="2025-08-12T12:02:23 IST" name="Default suite" finished-at="2025-08-12T12:02:31 IST" duration-ms="8163">
    <groups>
    </groups>
    <test started-at="2025-08-12T12:02:23 IST" name="Default test" finished-at="2025-08-12T12:02:31 IST" duration-ms="8163">
      <class name="testDemo1.Application1">
        <test-method is-config="true" signature="launchBrowser()[pri:0, instance:testDemo1.Application1@38425407]" started-at="2025-08-12T12:02:23 IST" name="launchBrowser" finished-at="2025-08-12T12:02:26 IST" duration-ms="2808" status="PASS">
          <reporter-output>
          </reporter-output>
        </test-method> <!-- launchBrowser -->
        <test-method signature="launchGoogle()[pri:0, instance:testDemo1.Application1@38425407]" started-at="2025-08-12T12:02:26 IST" name="launchGoogle" finished-at="2025-08-12T12:02:28 IST" duration-ms="1831" status="PASS">
          <reporter-output>
          </reporter-output>
        </test-method> <!-- launchGoogle -->
        <test-method signature="registerNewUser()[pri:0, instance:testDemo1.Application1@38425407]" started-at="2025-08-12T12:02:28 IST" name="registerNewUser" finished-at="2025-08-12T12:02:31 IST" duration-ms="3286" status="PASS">
          <reporter-output>
          </reporter-output>
        </test-method> <!-- registerNewUser -->
        <test-method is-config="true" signature="tearDown()[pri:0, instance:testDemo1.Application1@38425407]" started-at="2025-08-12T12:02:31 IST" name="tearDown" finished-at="2025-08-12T12:02:31 IST" duration-ms="187" status="PASS">
          <reporter-output>
          </reporter-output>
        </test-method> <!-- tearDown -->
      </class> <!-- testDemo1.Application1 -->
    </test> <!-- Default test -->
  </suite> <!-- Default suite -->
</testng-results>
